<?xml version="1.0" encoding="UTF-8"?>
<!-- Generated by org.testng.reporters.JUnitReportReporter -->
<testsuite hostname="QSP" failures="0" tests="1" name="aaa.Test0" time="0.030" errors="0" timestamp="2021-06-25T07:34:26 IST" skipped="0">
  <testcase classname="aaa.Test0" name="tc1" time="0.030"/>
</testsuite> <!-- aaa.Test0 -->
