<?xml version="1.0" encoding="UTF-8"?>
<!-- Generated by org.testng.reporters.JUnitReportReporter -->
<testsuite hostname="QSP" failures="0" tests="1" name="aaa.Test2" time="0.003" errors="0" timestamp="2021-06-25T07:34:26 IST" skipped="0">
  <testcase classname="aaa.Test2" name="tc1" time="0.003"/>
</testsuite> <!-- aaa.Test2 -->
