<?xml version="1.0" encoding="UTF-8"?>
<!-- Generated by org.testng.reporters.JUnitReportReporter -->
<testsuite hostname="QSP" failures="0" tests="1" name="aaa.Test1" time="0.004" errors="0" timestamp="2021-06-25T07:47:48 IST" skipped="0">
  <testcase classname="aaa.Test1" name="tc1" time="0.004"/>
</testsuite> <!-- aaa.Test1 -->
